<?xml version="1.0" encoding="UTF-8"?>
<testng-results ignored="0" total="1" passed="0" failed="0" skipped="1">
  <reporter-output>
    <line>
      <![CDATA[Rpoert config]]>
    </line>
    <line>
      <![CDATA[DB connectivity open]]>
    </line>
    <line>
      <![CDATA[pre conditions]]>
    </line>
    <line>
      <![CDATA[------createProduct_testExecution Started -----]]>
    </line>
    <line>
      <![CDATA[------createProduct_testExecution is Skipped -----]]>
    </line>
    <line>
      <![CDATA[post conditions]]>
    </line>
    <line>
      <![CDATA[DB connectivity close]]>
    </line>
  </reporter-output>
  <suite started-at="2025-12-03T13:22:34 IST" name="Default suite" finished-at="2025-12-03T13:22:34 IST" duration-ms="130">
    <groups>
    </groups>
    <test started-at="2025-12-03T13:22:34 IST" name="Default test" finished-at="2025-12-03T13:22:34 IST" duration-ms="130">
      <class name="product.CreateProductTest">
        <test-method is-config="true" signature="beforeSuite()[pri:0, instance:product.CreateProductTest@c86b9e3]" started-at="2025-12-03T13:22:34 IST" name="beforeSuite" finished-at="2025-12-03T13:22:34 IST" duration-ms="13" status="PASS">
          <reporter-output>
            <line>
              <![CDATA[DB connectivity open]]>
            </line>
          </reporter-output>
        </test-method> <!-- beforeSuite -->
        <test-method is-config="true" signature="beforeTest()[pri:0, instance:product.CreateProductTest@c86b9e3]" started-at="2025-12-03T13:22:34 IST" name="beforeTest" finished-at="2025-12-03T13:22:34 IST" duration-ms="0" status="PASS">
          <reporter-output>
            <line>
              <![CDATA[pre conditions]]>
            </line>
          </reporter-output>
        </test-method> <!-- beforeTest -->
        <test-method is-config="true" signature="beforeClass()[pri:0, instance:product.CreateProductTest@c86b9e3]" started-at="2025-12-03T13:22:34 IST" name="beforeClass" finished-at="2025-12-03T13:22:34 IST" duration-ms="2" status="FAIL">
          <exception class="java.lang.NullPointerException">
            <message>
              <![CDATA[Cannot invoke "String.hashCode()" because "browser" is null]]>
            </message>
            <full-stacktrace>
              <![CDATA[java.lang.NullPointerException: Cannot invoke "String.hashCode()" because "browser" is null
at BaseTest.BaseClass.beforeClass(BaseClass.java:84)
at java.base/jdk.internal.reflect.DirectMethodHandleAccessor.invoke(DirectMethodHandleAccessor.java:103)
at java.base/java.lang.reflect.Method.invoke(Method.java:580)
at org.testng.internal.invokers.MethodInvocationHelper.invokeMethod(MethodInvocationHelper.java:141)
at org.testng.internal.invokers.MethodInvocationHelper.invokeMethodConsideringTimeout(MethodInvocationHelper.java:71)
at org.testng.internal.invokers.ConfigInvoker.invokeConfigurationMethod(ConfigInvoker.java:400)
at org.testng.internal.invokers.ConfigInvoker.invokeConfigurations(ConfigInvoker.java:333)
at org.testng.internal.invokers.TestMethodWorker.invokeBeforeClassMethods(TestMethodWorker.java:188)
at org.testng.internal.invokers.TestMethodWorker.run(TestMethodWorker.java:128)
at java.base/java.util.ArrayList.forEach(ArrayList.java:1597)
at org.testng.TestRunner.privateRun(TestRunner.java:741)
at org.testng.TestRunner.run(TestRunner.java:616)
at org.testng.SuiteRunner.runTest(SuiteRunner.java:421)
at org.testng.SuiteRunner.runSequentially(SuiteRunner.java:413)
at org.testng.SuiteRunner.privateRun(SuiteRunner.java:373)
at org.testng.SuiteRunner.run(SuiteRunner.java:312)
at org.testng.SuiteRunnerWorker.runSuite(SuiteRunnerWorker.java:52)
at org.testng.SuiteRunnerWorker.run(SuiteRunnerWorker.java:95)
at org.testng.TestNG.runSuitesSequentially(TestNG.java:1274)
at org.testng.TestNG.runSuitesLocally(TestNG.java:1208)
at org.testng.TestNG.runSuites(TestNG.java:1112)
at org.testng.TestNG.run(TestNG.java:1079)
at org.testng.remote.AbstractRemoteTestNG.run(AbstractRemoteTestNG.java:115)
at org.testng.remote.RemoteTestNG.initAndRun(RemoteTestNG.java:293)
at org.testng.remote.RemoteTestNG.main(RemoteTestNG.java:91)
]]>
            </full-stacktrace>
          </exception> <!-- java.lang.NullPointerException -->
          <reporter-output>
          </reporter-output>
        </test-method> <!-- beforeClass -->
        <test-method is-config="true" signature="login()[pri:0, instance:product.CreateProductTest@c86b9e3]" started-at="2025-12-03T13:22:34 IST" name="login" finished-at="2025-12-03T13:22:34 IST" duration-ms="0" status="SKIP">
          <reporter-output>
          </reporter-output>
        </test-method> <!-- login -->
        <test-method signature="createProduct_test()[pri:0, instance:product.CreateProductTest@c86b9e3]" started-at="2025-12-03T13:22:34 IST" name="createProduct_test" finished-at="2025-12-03T13:22:34 IST" duration-ms="0" status="SKIP">
          <exception class="java.lang.NullPointerException">
            <message>
              <![CDATA[Cannot invoke "String.hashCode()" because "browser" is null]]>
            </message>
            <full-stacktrace>
              <![CDATA[java.lang.NullPointerException: Cannot invoke "String.hashCode()" because "browser" is null
at BaseTest.BaseClass.beforeClass(BaseClass.java:84)
at java.base/jdk.internal.reflect.DirectMethodHandleAccessor.invoke(DirectMethodHandleAccessor.java:103)
at java.base/java.lang.reflect.Method.invoke(Method.java:580)
at org.testng.internal.invokers.MethodInvocationHelper.invokeMethod(MethodInvocationHelper.java:141)
at org.testng.internal.invokers.MethodInvocationHelper.invokeMethodConsideringTimeout(MethodInvocationHelper.java:71)
at org.testng.internal.invokers.ConfigInvoker.invokeConfigurationMethod(ConfigInvoker.java:400)
at org.testng.internal.invokers.ConfigInvoker.invokeConfigurations(ConfigInvoker.java:333)
at org.testng.internal.invokers.TestMethodWorker.invokeBeforeClassMethods(TestMethodWorker.java:188)
at org.testng.internal.invokers.TestMethodWorker.run(TestMethodWorker.java:128)
at java.base/java.util.ArrayList.forEach(ArrayList.java:1597)
at org.testng.TestRunner.privateRun(TestRunner.java:741)
at org.testng.TestRunner.run(TestRunner.java:616)
at org.testng.SuiteRunner.runTest(SuiteRunner.java:421)
at org.testng.SuiteRunner.runSequentially(SuiteRunner.java:413)
at org.testng.SuiteRunner.privateRun(SuiteRunner.java:373)
at org.testng.SuiteRunner.run(SuiteRunner.java:312)
at org.testng.SuiteRunnerWorker.runSuite(SuiteRunnerWorker.java:52)
at org.testng.SuiteRunnerWorker.run(SuiteRunnerWorker.java:95)
at org.testng.TestNG.runSuitesSequentially(TestNG.java:1274)
at org.testng.TestNG.runSuitesLocally(TestNG.java:1208)
at org.testng.TestNG.runSuites(TestNG.java:1112)
at org.testng.TestNG.run(TestNG.java:1079)
at org.testng.remote.AbstractRemoteTestNG.run(AbstractRemoteTestNG.java:115)
at org.testng.remote.RemoteTestNG.initAndRun(RemoteTestNG.java:293)
at org.testng.remote.RemoteTestNG.main(RemoteTestNG.java:91)
]]>
            </full-stacktrace>
          </exception> <!-- java.lang.NullPointerException -->
          <reporter-output>
            <line>
              <![CDATA[------createProduct_testExecution is Skipped -----]]>
            </line>
          </reporter-output>
        </test-method> <!-- createProduct_test -->
        <test-method is-config="true" signature="logout()[pri:0, instance:product.CreateProductTest@c86b9e3]" started-at="2025-12-03T13:22:34 IST" name="logout" finished-at="2025-12-03T13:22:34 IST" duration-ms="0" status="SKIP">
          <reporter-output>
          </reporter-output>
        </test-method> <!-- logout -->
        <test-method is-config="true" signature="quit()[pri:0, instance:product.CreateProductTest@c86b9e3]" started-at="2025-12-03T13:22:34 IST" name="quit" finished-at="2025-12-03T13:22:34 IST" duration-ms="0" status="SKIP">
          <reporter-output>
          </reporter-output>
        </test-method> <!-- quit -->
        <test-method is-config="true" signature="afterTest()[pri:0, instance:product.CreateProductTest@c86b9e3]" started-at="2025-12-03T13:22:34 IST" name="afterTest" finished-at="2025-12-03T13:22:34 IST" duration-ms="1" status="PASS">
          <reporter-output>
            <line>
              <![CDATA[post conditions]]>
            </line>
          </reporter-output>
        </test-method> <!-- afterTest -->
        <test-method is-config="true" signature="afterSuite()[pri:0, instance:product.CreateProductTest@c86b9e3]" started-at="2025-12-03T13:22:34 IST" name="afterSuite" finished-at="2025-12-03T13:22:34 IST" duration-ms="1" status="PASS">
          <reporter-output>
            <line>
              <![CDATA[DB connectivity close]]>
            </line>
          </reporter-output>
        </test-method> <!-- afterSuite -->
      </class> <!-- product.CreateProductTest -->
    </test> <!-- Default test -->
  </suite> <!-- Default suite -->
</testng-results>
