<?xml version="1.0" encoding="UTF-8"?>
<testng-results ignored="0" total="1" passed="1" failed="0" skipped="0">
  <reporter-output>
    <line>
      <![CDATA[Rpoert config]]>
    </line>
    <line>
      <![CDATA[DB connectivity open]]>
    </line>
    <line>
      <![CDATA[pre conditions]]>
    </line>
    <line>
      <![CDATA[Launching]]>
    </line>
    <line>
      <![CDATA[------createCampainWithMandatoryFieldsExecution Started -----]]>
    </line>
    <line>
      <![CDATA[------createCampainWithMandatoryFieldsExecution is Successful -----]]>
    </line>
    <line>
      <![CDATA[logout]]>
    </line>
    <line>
      <![CDATA[close the browser]]>
    </line>
    <line>
      <![CDATA[post conditions]]>
    </line>
    <line>
      <![CDATA[DB connectivity close]]>
    </line>
  </reporter-output>
  <suite started-at="2025-12-10T16:01:18 IST" name="Default suite" finished-at="2025-12-10T16:01:33 IST" duration-ms="15169">
    <groups>
    </groups>
    <test started-at="2025-12-10T16:01:18 IST" name="Default test" finished-at="2025-12-10T16:01:33 IST" duration-ms="15169">
      <class name="campaign.CreateCampaign">
        <test-method is-config="true" signature="beforeSuite()[pri:0, instance:campaign.CreateCampaign@6aaceffd]" started-at="2025-12-10T16:01:18 IST" name="beforeSuite" finished-at="2025-12-10T16:01:18 IST" duration-ms="12" status="PASS">
          <reporter-output>
            <line>
              <![CDATA[DB connectivity open]]>
            </line>
          </reporter-output>
        </test-method> <!-- beforeSuite -->
        <test-method is-config="true" signature="beforeTest()[pri:0, instance:campaign.CreateCampaign@6aaceffd]" started-at="2025-12-10T16:01:18 IST" name="beforeTest" finished-at="2025-12-10T16:01:18 IST" duration-ms="0" status="PASS">
          <reporter-output>
            <line>
              <![CDATA[pre conditions]]>
            </line>
          </reporter-output>
        </test-method> <!-- beforeTest -->
        <test-method is-config="true" signature="beforeClass()[pri:0, instance:campaign.CreateCampaign@6aaceffd]" started-at="2025-12-10T16:01:18 IST" name="beforeClass" finished-at="2025-12-10T16:01:21 IST" duration-ms="3221" status="PASS">
          <reporter-output>
            <line>
              <![CDATA[Launching]]>
            </line>
          </reporter-output>
        </test-method> <!-- beforeClass -->
        <test-method is-config="true" signature="login()[pri:0, instance:campaign.CreateCampaign@6aaceffd]" started-at="2025-12-10T16:01:21 IST" name="login" finished-at="2025-12-10T16:01:22 IST" duration-ms="1159" status="PASS">
          <reporter-output>
          </reporter-output>
        </test-method> <!-- login -->
        <test-method signature="createCampainWithMandatoryFields()[pri:0, instance:campaign.CreateCampaign@6aaceffd]" started-at="2025-12-10T16:01:22 IST" name="createCampainWithMandatoryFields" finished-at="2025-12-10T16:01:31 IST" duration-ms="8386" status="PASS">
          <reporter-output>
            <line>
              <![CDATA[------createCampainWithMandatoryFieldsExecution Started -----]]>
            </line>
            <line>
              <![CDATA[------createCampainWithMandatoryFieldsExecution is Successful -----]]>
            </line>
          </reporter-output>
        </test-method> <!-- createCampainWithMandatoryFields -->
        <test-method is-config="true" signature="logout()[pri:0, instance:campaign.CreateCampaign@6aaceffd]" started-at="2025-12-10T16:01:31 IST" name="logout" finished-at="2025-12-10T16:01:33 IST" duration-ms="1905" status="PASS">
          <reporter-output>
            <line>
              <![CDATA[logout]]>
            </line>
          </reporter-output>
        </test-method> <!-- logout -->
        <test-method is-config="true" signature="quit()[pri:0, instance:campaign.CreateCampaign@6aaceffd]" started-at="2025-12-10T16:01:33 IST" name="quit" finished-at="2025-12-10T16:01:33 IST" duration-ms="451" status="PASS">
          <reporter-output>
            <line>
              <![CDATA[close the browser]]>
            </line>
          </reporter-output>
        </test-method> <!-- quit -->
        <test-method is-config="true" signature="afterTest()[pri:0, instance:campaign.CreateCampaign@6aaceffd]" started-at="2025-12-10T16:01:33 IST" name="afterTest" finished-at="2025-12-10T16:01:33 IST" duration-ms="1" status="PASS">
          <reporter-output>
            <line>
              <![CDATA[post conditions]]>
            </line>
          </reporter-output>
        </test-method> <!-- afterTest -->
        <test-method is-config="true" signature="afterSuite()[pri:0, instance:campaign.CreateCampaign@6aaceffd]" started-at="2025-12-10T16:01:33 IST" name="afterSuite" finished-at="2025-12-10T16:01:33 IST" duration-ms="1" status="PASS">
          <reporter-output>
            <line>
              <![CDATA[DB connectivity close]]>
            </line>
          </reporter-output>
        </test-method> <!-- afterSuite -->
      </class> <!-- campaign.CreateCampaign -->
    </test> <!-- Default test -->
  </suite> <!-- Default suite -->
</testng-results>
