<?xml version="1.0" encoding="UTF-8"?>
<testng-results ignored="0" total="1" passed="1" failed="0" skipped="0">
  <reporter-output>
    <line>
      <![CDATA[Rpoert config]]>
    </line>
    <line>
      <![CDATA[DB connectivity open]]>
    </line>
    <line>
      <![CDATA[pre conditions]]>
    </line>
    <line>
      <![CDATA[Launching]]>
    </line>
    <line>
      <![CDATA[------createProduct_testExecution Started -----]]>
    </line>
    <line>
      <![CDATA[Product got created]]>
    </line>
    <line>
      <![CDATA[------createProduct_testExecution is Successful -----]]>
    </line>
    <line>
      <![CDATA[logout]]>
    </line>
    <line>
      <![CDATA[close the browser]]>
    </line>
    <line>
      <![CDATA[post conditions]]>
    </line>
    <line>
      <![CDATA[DB connectivity close]]>
    </line>
  </reporter-output>
  <suite started-at="2025-12-10T16:37:35 IST" name="Default suite" finished-at="2025-12-10T16:37:51 IST" duration-ms="16166">
    <groups>
    </groups>
    <test started-at="2025-12-10T16:37:35 IST" name="Default test" finished-at="2025-12-10T16:37:51 IST" duration-ms="16166">
      <class name="product.CreateProductTest">
        <test-method is-config="true" signature="beforeSuite()[pri:0, instance:product.CreateProductTest@38102d01]" started-at="2025-12-10T16:37:35 IST" name="beforeSuite" finished-at="2025-12-10T16:37:35 IST" duration-ms="14" status="PASS">
          <reporter-output>
            <line>
              <![CDATA[DB connectivity open]]>
            </line>
          </reporter-output>
        </test-method> <!-- beforeSuite -->
        <test-method is-config="true" signature="beforeTest()[pri:0, instance:product.CreateProductTest@38102d01]" started-at="2025-12-10T16:37:35 IST" name="beforeTest" finished-at="2025-12-10T16:37:35 IST" duration-ms="1" status="PASS">
          <reporter-output>
            <line>
              <![CDATA[pre conditions]]>
            </line>
          </reporter-output>
        </test-method> <!-- beforeTest -->
        <test-method is-config="true" signature="beforeClass()[pri:0, instance:product.CreateProductTest@38102d01]" started-at="2025-12-10T16:37:35 IST" name="beforeClass" finished-at="2025-12-10T16:37:38 IST" duration-ms="3055" status="PASS">
          <reporter-output>
            <line>
              <![CDATA[Launching]]>
            </line>
          </reporter-output>
        </test-method> <!-- beforeClass -->
        <test-method is-config="true" signature="login()[pri:0, instance:product.CreateProductTest@38102d01]" started-at="2025-12-10T16:37:38 IST" name="login" finished-at="2025-12-10T16:37:40 IST" duration-ms="1879" status="PASS">
          <reporter-output>
          </reporter-output>
        </test-method> <!-- login -->
        <test-method signature="createProduct_test()[pri:0, instance:product.CreateProductTest@38102d01]" started-at="2025-12-10T16:37:40 IST" name="createProduct_test" finished-at="2025-12-10T16:37:49 IST" duration-ms="8744" status="PASS">
          <reporter-output>
            <line>
              <![CDATA[------createProduct_testExecution Started -----]]>
            </line>
            <line>
              <![CDATA[Product got created]]>
            </line>
            <line>
              <![CDATA[------createProduct_testExecution is Successful -----]]>
            </line>
          </reporter-output>
        </test-method> <!-- createProduct_test -->
        <test-method is-config="true" signature="logout()[pri:0, instance:product.CreateProductTest@38102d01]" started-at="2025-12-10T16:37:49 IST" name="logout" finished-at="2025-12-10T16:37:51 IST" duration-ms="2091" status="PASS">
          <reporter-output>
            <line>
              <![CDATA[logout]]>
            </line>
          </reporter-output>
        </test-method> <!-- logout -->
        <test-method is-config="true" signature="quit()[pri:0, instance:product.CreateProductTest@38102d01]" started-at="2025-12-10T16:37:51 IST" name="quit" finished-at="2025-12-10T16:37:51 IST" duration-ms="355" status="PASS">
          <reporter-output>
            <line>
              <![CDATA[close the browser]]>
            </line>
          </reporter-output>
        </test-method> <!-- quit -->
        <test-method is-config="true" signature="afterTest()[pri:0, instance:product.CreateProductTest@38102d01]" started-at="2025-12-10T16:37:51 IST" name="afterTest" finished-at="2025-12-10T16:37:51 IST" duration-ms="0" status="PASS">
          <reporter-output>
            <line>
              <![CDATA[post conditions]]>
            </line>
          </reporter-output>
        </test-method> <!-- afterTest -->
        <test-method is-config="true" signature="afterSuite()[pri:0, instance:product.CreateProductTest@38102d01]" started-at="2025-12-10T16:37:51 IST" name="afterSuite" finished-at="2025-12-10T16:37:51 IST" duration-ms="1" status="PASS">
          <reporter-output>
            <line>
              <![CDATA[DB connectivity close]]>
            </line>
          </reporter-output>
        </test-method> <!-- afterSuite -->
      </class> <!-- product.CreateProductTest -->
    </test> <!-- Default test -->
  </suite> <!-- Default suite -->
</testng-results>
