<?xml version="1.0" encoding="UTF-8"?>
<!-- Generated by org.testng.reporters.JUnitReportReporter -->
<testsuite hostname="LAPTOP-88LKKJB5" failures="0" tests="1" name="product.CreateProductTest" time="23.927" errors="0" timestamp="2025-12-09T22:44:37 IST" skipped="0">
  <testcase classname="product.CreateProductTest" name="createProduct_test" time="23.927">
    <system-out>
      <![CDATA[------createProduct_testExecution Started -----
Product got created
------createProduct_testExecution is Successful -----]]>
    </system-out>
  </testcase> <!-- createProduct_test -->
  <system-out>
    <![CDATA[Rpoert config
DB connectivity open
pre conditions
Launching
------createProduct_testExecution Started -----
Product got created
------createProduct_testExecution is Successful -----
logout
close the browser
post conditions
DB connectivity close]]>
  </system-out>
</testsuite> <!-- product.CreateProductTest -->
