<?xml version="1.0" encoding="UTF-8"?>
<!-- Generated by org.testng.reporters.JUnitReportReporter -->
<testsuite hostname="LAPTOP-88LKKJB5" failures="0" tests="4" name="campaign.CreateCampaign1" time="36.804" errors="0" timestamp="2025-11-27T09:17:51 IST" skipped="0">
  <testcase classname="campaign.CreateCampaign1" name="CreateCampaignwithMandatory" time="34.642"/>
  <testcase classname="campaign.CreateCampaign1" name="CreateCampaignwithMandatory" time="2.136"/>
  <testcase classname="campaign.CreateCampaign1" name="CreateCampaignwithDescription" time="0.013"/>
  <testcase classname="campaign.CreateCampaign1" name="CreateCampaignwithDescription" time="0.013"/>
</testsuite> <!-- campaign.CreateCampaign1 -->
