<?xml version="1.0" encoding="UTF-8"?>
<!-- Generated by org.testng.reporters.JUnitReportReporter -->
<testsuite hostname="LAPTOP-88LKKJB5" failures="0" tests="1" name="campaign.CreateCampaign" time="14.579" errors="0" timestamp="2025-12-10T22:57:43 IST" skipped="0">
  <testcase classname="campaign.CreateCampaign" name="createCampainWithMandatoryFields" time="14.579">
    <system-out>
      <![CDATA[------createCampainWithMandatoryFieldsExecution Started -----
------createCampainWithMandatoryFieldsExecution is Successful -----]]>
    </system-out>
  </testcase> <!-- createCampainWithMandatoryFields -->
  <system-out>
    <![CDATA[Report config
DB connectivity open
pre conditions
Launching
------createCampainWithMandatoryFieldsExecution Started -----
------createCampainWithMandatoryFieldsExecution is Successful -----
logout
close the browser
post conditions
DB connectivity close]]>
  </system-out>
</testsuite> <!-- campaign.CreateCampaign -->
