<?xml version="1.0" encoding="UTF-8"?>
<!-- Generated by org.testng.reporters.JUnitReportReporter -->
<testsuite hostname="LAPTOP-88LKKJB5" failures="0" tests="3" name="practice.PrintingLoginCread" time="0.015" errors="0" timestamp="2025-11-22T22:09:56 IST" skipped="0">
  <testcase classname="practice.PrintingLoginCread" name="Printing" time="0.003"/>
  <testcase classname="practice.PrintingLoginCread" name="Printing" time="0.001"/>
  <testcase classname="practice.PrintingLoginCread" name="Printing" time="0.011"/>
</testsuite> <!-- practice.PrintingLoginCread -->
