<?xml version="1.0" encoding="UTF-8"?>
<!-- Generated by org.testng.reporters.JUnitReportReporter -->
<testsuite hostname="LAPTOP-88LKKJB5" failures="0" tests="1" name="product.CreateProduct" time="28.292" errors="0" timestamp="2025-12-01T03:44:17 IST" skipped="0">
  <testcase classname="product.CreateProduct" name="createProduct" time="28.292">
    <system-out>
      <![CDATA[------createProductExecution Started -----
------createProductExecution is Successful -----]]>
    </system-out>
  </testcase> <!-- createProduct -->
  <system-out>
    <![CDATA[Rpoert config
DB connectivity open
pre conditions
Launching
------createProductExecution Started -----
------createProductExecution is Successful -----
logout
close the browser
post conditions
DB connectivity close]]>
  </system-out>
</testsuite> <!-- product.CreateProduct -->
